Using pre-set license
Built from '2022.1/staging' branch; Version is '2022.1.2f1 (9427c1534183) revision 9709505'; Using compiler version '192829333'; Build Type 'Release'
OS: 'Windows 10  (10.0.19044) 64bit Professional' Language: 'en' Physical Memory: 7974 MB
BatchMode: 1, IsHumanControllingUs: 0, StartBugReporterOnCrash: 0, Is64bit: 1, IsPro: 1

COMMAND LINE ARGUMENTS:
C:\Program Files\Unity\Hub\Editor\2022.1.2f1\Editor\Unity.exe
-adb2
-batchMode
-noUpm
-name
AssetImportWorker0
-projectPath
C:/Users/ahmad/Downloads/FrontEnd Work/Web-Game Development/Unity Projects/Helicopter Game
-logFile
Logs/AssetImportWorker0.log
-srvPort
62800
Successfully changed project path to: C:/Users/ahmad/Downloads/FrontEnd Work/Web-Game Development/Unity Projects/Helicopter Game
C:/Users/ahmad/Downloads/FrontEnd Work/Web-Game Development/Unity Projects/Helicopter Game
[UnityMemory] Configuration Parameters - Can be set up in boot.config
    "memorysetup-bucket-allocator-granularity=16"
    "memorysetup-bucket-allocator-bucket-count=8"
    "memorysetup-bucket-allocator-block-size=33554432"
    "memorysetup-bucket-allocator-block-count=8"
    "memorysetup-main-allocator-block-size=16777216"
    "memorysetup-thread-allocator-block-size=16777216"
    "memorysetup-gfx-main-allocator-block-size=16777216"
    "memorysetup-gfx-thread-allocator-block-size=16777216"
    "memorysetup-cache-allocator-block-size=4194304"
    "memorysetup-typetree-allocator-block-size=2097152"
    "memorysetup-profiler-bucket-allocator-granularity=16"
    "memorysetup-profiler-bucket-allocator-bucket-count=8"
    "memorysetup-profiler-bucket-allocator-block-size=33554432"
    "memorysetup-profiler-bucket-allocator-block-count=8"
    "memorysetup-profiler-allocator-block-size=16777216"
    "memorysetup-profiler-editor-allocator-block-size=1048576"
    "memorysetup-temp-allocator-size-main=16777216"
    "memorysetup-job-temp-allocator-block-size=2097152"
    "memorysetup-job-temp-allocator-block-size-background=1048576"
    "memorysetup-job-temp-allocator-reduction-small-platforms=262144"
    "memorysetup-temp-allocator-size-background-worker=32768"
    "memorysetup-temp-allocator-size-job-worker=262144"
    "memorysetup-temp-allocator-size-preload-manager=33554432"
    "memorysetup-temp-allocator-size-nav-mesh-worker=65536"
    "memorysetup-temp-allocator-size-audio-worker=65536"
    "memorysetup-temp-allocator-size-cloud-worker=32768"
    "memorysetup-temp-allocator-size-gi-baking-worker=262144"
    "memorysetup-temp-allocator-size-gfx=262144"
Refreshing native plugins compatible for Editor in 492.09 ms, found 3 plugins.
Preloading 0 native plugins for Editor in 0.00 ms.
Initialize engine version: 2022.1.2f1 (9427c1534183)
[Subsystems] Discovering subsystems at path C:/Program Files/Unity/Hub/Editor/2022.1.2f1/Editor/Data/Resources/UnitySubsystems
[Subsystems] Discovering subsystems at path C:/Users/ahmad/Downloads/FrontEnd Work/Web-Game Development/Unity Projects/Helicopter Game/Assets
GfxDevice: creating device client; threaded=0; jobified=0
Direct3D:
    Version:  Direct3D 11.0 [level 11.1]
    Renderer: Intel(R) HD Graphics 620 (ID=0x5916)
    Vendor:   Intel
    VRAM:     3987 MB
    Driver:   27.20.100.9664
Initialize mono
Mono path[0] = 'C:/Program Files/Unity/Hub/Editor/2022.1.2f1/Editor/Data/Managed'
Mono path[1] = 'C:/Program Files/Unity/Hub/Editor/2022.1.2f1/Editor/Data/MonoBleedingEdge/lib/mono/unityjit-win32'
Mono config path = 'C:/Program Files/Unity/Hub/Editor/2022.1.2f1/Editor/Data/MonoBleedingEdge/etc'
Using monoOptions --debugger-agent=transport=dt_socket,embedding=1,server=y,suspend=n,address=127.0.0.1:56100
Begin MonoManager ReloadAssembly
Registering precompiled unity dll's ...
Register platform support module: C:/Program Files/Unity/Hub/Editor/2022.1.2f1/Editor/Data/PlaybackEngines/AndroidPlayer/UnityEditor.Android.Extensions.dll
Register platform support module: C:/Program Files/Unity/Hub/Editor/2022.1.2f1/Editor/Data/PlaybackEngines/WindowsStandaloneSupport/UnityEditor.WindowsStandalone.Extensions.dll
Registered in 0.046656 seconds.
Native extension for WindowsStandalone target not found
Native extension for Android target not found
Refreshing native plugins compatible for Editor in 395.29 ms, found 3 plugins.
Preloading 0 native plugins for Editor in 0.00 ms.
Mono: successfully reloaded assembly
- Completed reload, in  4.584 seconds
Domain Reload Profiling:
	ReloadAssembly (4585ms)
		BeginReloadAssembly (455ms)
			ExecutionOrderSort (0ms)
			DisableScriptedObjects (0ms)
			BackupInstance (0ms)
			ReleaseScriptingObjects (1ms)
			CreateAndSetChildDomain (4ms)
		EndReloadAssembly (3497ms)
			LoadAssemblies (435ms)
			RebuildTransferFunctionScriptingTraits (0ms)
			SetupTypeCache (783ms)
				TypeCache.Initialize (781ms)
					TypeCache.ScanAssembly (776ms)
				ResolveRequiredComponents (2ms)
			ReleaseScriptCaches (0ms)
			RebuildScriptCaches (180ms)
			SetupLoadedEditorAssemblies (2250ms)
				LogAssemblyErrors (0ms)
				InitializePlatformSupportModulesInManaged (348ms)
				SetLoadedEditorAssemblies (56ms)
				RefreshPlugins (395ms)
				BeforeProcessingInitializeOnLoad (5ms)
				ProcessInitializeOnLoadAttributes (1155ms)
				ProcessInitializeOnLoadMethodAttributes (290ms)
				AfterProcessingInitializeOnLoad (0ms)
				EditorAssembliesLoaded (0ms)
			ExecutionOrderSort2 (0ms)
			AwakeInstancesAfterBackupRestoration (0ms)
Platform modules already initialized, skipping
Registering precompiled user dll's ...
Registered in 0.031268 seconds.
Begin MonoManager ReloadAssembly
Symbol file LoadedFromMemory doesn't match image C:\Users\ahmad\Downloads\FrontEnd Work\Web-Game Development\Unity Projects\Helicopter Game\Library\PackageCache\com.unity.visualscripting@1.7.8\Editor\VisualScripting.Core\Dependencies\YamlDotNet\Unity.VisualScripting.YamlDotNet.dll
Symbol file LoadedFromMemory doesn't match image C:\Users\ahmad\Downloads\FrontEnd Work\Web-Game Development\Unity Projects\Helicopter Game\Library\PackageCache\com.unity.visualscripting@1.7.8\Editor\VisualScripting.Core\Dependencies\DotNetZip\Unity.VisualScripting.IonicZip.dll
Native extension for WindowsStandalone target not found
Native extension for Android target not found
Refreshing native plugins compatible for Editor in 1.18 ms, found 3 plugins.
Preloading 0 native plugins for Editor in 0.00 ms.
Mono: successfully reloaded assembly
- Completed reload, in  3.035 seconds
Domain Reload Profiling:
	ReloadAssembly (3038ms)
		BeginReloadAssembly (425ms)
			ExecutionOrderSort (0ms)
			DisableScriptedObjects (18ms)
			BackupInstance (0ms)
			ReleaseScriptingObjects (0ms)
			CreateAndSetChildDomain (157ms)
		EndReloadAssembly (2333ms)
			LoadAssemblies (186ms)
			RebuildTransferFunctionScriptingTraits (0ms)
			SetupTypeCache (654ms)
				TypeCache.Initialize (641ms)
					TypeCache.ScanAssembly (632ms)
				ResolveRequiredComponents (13ms)
			ReleaseScriptCaches (1ms)
			RebuildScriptCaches (153ms)
			SetupLoadedEditorAssemblies (1175ms)
				LogAssemblyErrors (0ms)
				InitializePlatformSupportModulesInManaged (40ms)
				SetLoadedEditorAssemblies (23ms)
				RefreshPlugins (1ms)
				BeforeProcessingInitializeOnLoad (352ms)
				ProcessInitializeOnLoadAttributes (680ms)
				ProcessInitializeOnLoadMethodAttributes (63ms)
				AfterProcessingInitializeOnLoad (15ms)
				EditorAssembliesLoaded (1ms)
			ExecutionOrderSort2 (0ms)
			AwakeInstancesAfterBackupRestoration (13ms)
Platform modules already initialized, skipping
========================================================================
Worker process is ready to serve import requests
Launched and connected shader compiler UnityShaderCompiler.exe after 9.98 seconds
Refreshing native plugins compatible for Editor in 1.91 ms, found 3 plugins.
Preloading 0 native plugins for Editor in 0.00 ms.
Unloading 3498 Unused Serialized files (Serialized files now loaded: 0)
Unloading 26 unused Assets / (57.6 KB). Loaded Objects now: 3991.
Memory consumption went from 0.54 GB to 0.54 GB.
Total: 31.799000 ms (FindLiveObjects: 8.596500 ms CreateObjectMapping: 1.614000 ms MarkObjects: 20.219200 ms  DeleteObjects: 1.135000 ms)

AssetImportParameters requested are different than current active one (requested -> active):
  custom:video-decoder-ogg-theora: a1e56fd34408186e4bbccfd4996cb3dc -> 
  custom:container-muxer-webm: aa71ff27fc2769a1b78a27578f13a17b -> 
  custom:container-demuxer-webm: 4f35f7cbe854078d1ac9338744f61a02 -> 
  custom:video-encoder-webm-vp8: eb34c28f22e8b96e1ab97ce403110664 -> 
  custom:audio-encoder-webm-vorbis: bf7c407c2cedff20999df2af8eb42d56 -> 
  custom:framework-win-MediaFoundation: 216162199b28c13a410421893ffa2e32 -> 
  custom:container-demuxer-ogg: 62fdf1f143b41e24485cea50d1cbac27 -> 
  custom:video-decoder-webm-vp8: 9c59270c3fd7afecdb556c50c9e8de78 -> 
  custom:audio-decoder-ogg-vorbis: bf7c407c2cedff20999df2af8eb42d56 -> 
========================================================================
Received Import Request.
  Time since last request: 1503.649622 seconds.
  path: Assets/Captureq.PNG
  artifactKey: Guid(e601955d52d98914cb90d8f7af48cd6a) Importer(815301076,1909f56bfc062723c751e8b465ee728b)
Start importing Assets/Captureq.PNG using Guid(e601955d52d98914cb90d8f7af48cd6a) Importer(815301076,1909f56bfc062723c751e8b465ee728b)  -> (artifact id: 'b9622dee313ebee7077e1047c322bd9b') in 0.501130 seconds 
========================================================================
Received Import Request.
  Time since last request: 0.000535 seconds.
  path: Assets/grass.jpg
  artifactKey: Guid(a2fe1ac59f0dd0f41b8b2cfa25577e89) Importer(815301076,1909f56bfc062723c751e8b465ee728b)
Start importing Assets/grass.jpg using Guid(a2fe1ac59f0dd0f41b8b2cfa25577e89) Importer(815301076,1909f56bfc062723c751e8b465ee728b)  -> (artifact id: '26e3e93428075e99deb6b9149696619c') in 0.108972 seconds 
========================================================================
Received Import Request.
  Time since last request: 0.000194 seconds.
  path: Assets/button_level1.png
  artifactKey: Guid(bcec44bdfd9852b4992038a54db4ff9d) Importer(815301076,1909f56bfc062723c751e8b465ee728b)
Start importing Assets/button_level1.png using Guid(bcec44bdfd9852b4992038a54db4ff9d) Importer(815301076,1909f56bfc062723c751e8b465ee728b)  -> (artifact id: '0ad0b0a86000d9fc659beccc893edf70') in 0.293509 seconds 
========================================================================
Received Import Request.
  Time since last request: 0.000063 seconds.
  path: Assets/button_level2.png
  artifactKey: Guid(0f238744a25b5454ca1b8f8105a118b1) Importer(815301076,1909f56bfc062723c751e8b465ee728b)
Start importing Assets/button_level2.png using Guid(0f238744a25b5454ca1b8f8105a118b1) Importer(815301076,1909f56bfc062723c751e8b465ee728b)  -> (artifact id: '446edbd46bf3cded26b73c6eb5932096') in 0.085413 seconds 
========================================================================
Received Import Request.
  Time since last request: 0.000055 seconds.
  path: Assets/mudTexture.jpg
  artifactKey: Guid(761d189657387a045bd3672632b00493) Importer(815301076,1909f56bfc062723c751e8b465ee728b)
Start importing Assets/mudTexture.jpg using Guid(761d189657387a045bd3672632b00493) Importer(815301076,1909f56bfc062723c751e8b465ee728b)  -> (artifact id: '46d710c48ec4c3f83f7332f221289079') in 0.068268 seconds 
========================================================================
Received Import Request.
  Time since last request: 0.000038 seconds.
  path: Assets/exitButton.png
  artifactKey: Guid(2526738a76146314daaf88154e8d61e7) Importer(815301076,1909f56bfc062723c751e8b465ee728b)
Start importing Assets/exitButton.png using Guid(2526738a76146314daaf88154e8d61e7) Importer(815301076,1909f56bfc062723c751e8b465ee728b)  -> (artifact id: 'e4e35e2f8f714babdd8aa95222bf1d6a') in 0.108495 seconds 
========================================================================
Received Import Request.
  Time since last request: 0.000145 seconds.
  path: Assets/backButton.png
  artifactKey: Guid(738ef6fa4369ead41acf85a40acffe7e) Importer(815301076,1909f56bfc062723c751e8b465ee728b)
Start importing Assets/backButton.png using Guid(738ef6fa4369ead41acf85a40acffe7e) Importer(815301076,1909f56bfc062723c751e8b465ee728b)  -> (artifact id: '837f9716e5de220e036e2c3806fcaa73') in 0.076232 seconds 
========================================================================
Received Import Request.
  Time since last request: 0.000052 seconds.
  path: Assets/button_resume.png
  artifactKey: Guid(70d968a1aaa21584ead71bd88da7a588) Importer(815301076,1909f56bfc062723c751e8b465ee728b)
Start importing Assets/button_resume.png using Guid(70d968a1aaa21584ead71bd88da7a588) Importer(815301076,1909f56bfc062723c751e8b465ee728b)  -> (artifact id: 'fde576b9fddf6e14b121be46529e42be') in 0.043010 seconds 
========================================================================
Received Import Request.
  Time since last request: 0.000033 seconds.
  path: Assets/button_level 3.png
  artifactKey: Guid(0add1521c3a665446b7e0ef81366201b) Importer(815301076,1909f56bfc062723c751e8b465ee728b)
Start importing Assets/button_level 3.png using Guid(0add1521c3a665446b7e0ef81366201b) Importer(815301076,1909f56bfc062723c751e8b465ee728b)  -> (artifact id: '502fba38fb46017f89838c1f2f2a0159') in 0.061617 seconds 
========================================================================
Received Import Request.
  Time since last request: 0.000036 seconds.
  path: Assets/Canvas.prefab
  artifactKey: Guid(07b55443e0ccfed4d80459dc16b7a8d0) Importer(815301076,1909f56bfc062723c751e8b465ee728b)
Start importing Assets/Canvas.prefab using Guid(07b55443e0ccfed4d80459dc16b7a8d0) Importer(815301076,1909f56bfc062723c751e8b465ee728b)  -> (artifact id: 'ecb5a359f4c641d8ce77d2243b5b9010') in 0.067058 seconds 
========================================================================
Received Import Request.
  Time since last request: 0.000044 seconds.
  path: Assets/MuteButton.png
  artifactKey: Guid(56f58f0a4273bf94bb6da2d0ea6b73ff) Importer(815301076,1909f56bfc062723c751e8b465ee728b)
Start importing Assets/MuteButton.png using Guid(56f58f0a4273bf94bb6da2d0ea6b73ff) Importer(815301076,1909f56bfc062723c751e8b465ee728b)  -> (artifact id: 'eb5d187b76364009e80f533f4e91468d') in 0.053620 seconds 
========================================================================
Received Prepare
Registering precompiled user dll's ...
Registered in 0.016189 seconds.
Begin MonoManager ReloadAssembly
Symbol file LoadedFromMemory doesn't match image C:\Users\ahmad\Downloads\FrontEnd Work\Web-Game Development\Unity Projects\Helicopter Game\Library\PackageCache\com.unity.visualscripting@1.7.8\Editor\VisualScripting.Core\Dependencies\YamlDotNet\Unity.VisualScripting.YamlDotNet.dll
Symbol file LoadedFromMemory doesn't match image C:\Users\ahmad\Downloads\FrontEnd Work\Web-Game Development\Unity Projects\Helicopter Game\Library\PackageCache\com.unity.visualscripting@1.7.8\Editor\VisualScripting.Core\Dependencies\DotNetZip\Unity.VisualScripting.IonicZip.dll
Native extension for WindowsStandalone target not found
Native extension for Android target not found
Refreshing native plugins compatible for Editor in 7.50 ms, found 3 plugins.
Preloading 0 native plugins for Editor in 0.00 ms.
Mono: successfully reloaded assembly
- Completed reload, in 11.300 seconds
Domain Reload Profiling:
	ReloadAssembly (11304ms)
		BeginReloadAssembly (540ms)
			ExecutionOrderSort (0ms)
			DisableScriptedObjects (19ms)
			BackupInstance (0ms)
			ReleaseScriptingObjects (0ms)
			CreateAndSetChildDomain (100ms)
		EndReloadAssembly (9690ms)
			LoadAssemblies (581ms)
			RebuildTransferFunctionScriptingTraits (0ms)
			SetupTypeCache (3182ms)
				TypeCache.Initialize (3113ms)
					TypeCache.ScanAssembly (3072ms)
				ResolveRequiredComponents (69ms)
			ReleaseScriptCaches (12ms)
			RebuildScriptCaches (604ms)
			SetupLoadedEditorAssemblies (4283ms)
				LogAssemblyErrors (0ms)
				InitializePlatformSupportModulesInManaged (283ms)
				SetLoadedEditorAssemblies (95ms)
				RefreshPlugins (8ms)
				BeforeProcessingInitializeOnLoad (687ms)
				ProcessInitializeOnLoadAttributes (2687ms)
				ProcessInitializeOnLoadMethodAttributes (421ms)
				AfterProcessingInitializeOnLoad (98ms)
				EditorAssembliesLoaded (2ms)
			ExecutionOrderSort2 (0ms)
			AwakeInstancesAfterBackupRestoration (79ms)
Platform modules already initialized, skipping
Refreshing native plugins compatible for Editor in 17.74 ms, found 3 plugins.
Preloading 0 native plugins for Editor in 0.00 ms.
Unloading 3490 Unused Serialized files (Serialized files now loaded: 0)
Unloading 19 unused Assets / (25.4 KB). Loaded Objects now: 4012.
Memory consumption went from 0.54 GB to 0.54 GB.
Total: 20.892700 ms (FindLiveObjects: 3.654300 ms CreateObjectMapping: 1.613300 ms MarkObjects: 15.577000 ms  DeleteObjects: 0.043000 ms)

AssetImportParameters requested are different than current active one (requested -> active):
  custom:video-decoder-ogg-theora: a1e56fd34408186e4bbccfd4996cb3dc -> 
  custom:container-muxer-webm: aa71ff27fc2769a1b78a27578f13a17b -> 
  custom:container-demuxer-webm: 4f35f7cbe854078d1ac9338744f61a02 -> 
  custom:video-encoder-webm-vp8: eb34c28f22e8b96e1ab97ce403110664 -> 
  custom:audio-encoder-webm-vorbis: bf7c407c2cedff20999df2af8eb42d56 -> 
  custom:framework-win-MediaFoundation: 216162199b28c13a410421893ffa2e32 -> 
  custom:container-demuxer-ogg: 62fdf1f143b41e24485cea50d1cbac27 -> 
  custom:video-decoder-webm-vp8: 9c59270c3fd7afecdb556c50c9e8de78 -> 
  custom:audio-decoder-ogg-vorbis: bf7c407c2cedff20999df2af8eb42d56 -> 
