Using pre-set license
Built from '2022.1/staging' branch; Version is '2022.1.22f1 (6b6e9fc2adda) revision 7040671'; Using compiler version '192829333'; Build Type 'Release'
OS: 'Windows 10  (10.0.19045) 64bit Core' Language: 'en' Physical Memory: 16211 MB
BatchMode: 1, IsHumanControllingUs: 0, StartBugReporterOnCrash: 0, Is64bit: 1, IsPro: 1

COMMAND LINE ARGUMENTS:
C:\Program Files\Unity\Hub\Editor\2022.1.22f1\Editor\Unity.exe
-adb2
-batchMode
-noUpm
-name
AssetImportWorker0
-projectPath
E:/Web-Game Development/Unity Projects/City Simulation Game
-logFile
Logs/AssetImportWorker0.log
-srvPort
3043
Successfully changed project path to: E:/Web-Game Development/Unity Projects/City Simulation Game
E:/Web-Game Development/Unity Projects/City Simulation Game
[UnityMemory] Configuration Parameters - Can be set up in boot.config
    "memorysetup-bucket-allocator-granularity=16"
    "memorysetup-bucket-allocator-bucket-count=8"
    "memorysetup-bucket-allocator-block-size=33554432"
    "memorysetup-bucket-allocator-block-count=8"
    "memorysetup-main-allocator-block-size=16777216"
    "memorysetup-thread-allocator-block-size=16777216"
    "memorysetup-gfx-main-allocator-block-size=16777216"
    "memorysetup-gfx-thread-allocator-block-size=16777216"
    "memorysetup-cache-allocator-block-size=4194304"
    "memorysetup-typetree-allocator-block-size=2097152"
    "memorysetup-profiler-bucket-allocator-granularity=16"
    "memorysetup-profiler-bucket-allocator-bucket-count=8"
    "memorysetup-profiler-bucket-allocator-block-size=33554432"
    "memorysetup-profiler-bucket-allocator-block-count=8"
    "memorysetup-profiler-allocator-block-size=16777216"
    "memorysetup-profiler-editor-allocator-block-size=1048576"
    "memorysetup-temp-allocator-size-main=16777216"
    "memorysetup-job-temp-allocator-block-size=2097152"
    "memorysetup-job-temp-allocator-block-size-background=1048576"
    "memorysetup-job-temp-allocator-reduction-small-platforms=262144"
    "memorysetup-temp-allocator-size-background-worker=32768"
    "memorysetup-temp-allocator-size-job-worker=262144"
    "memorysetup-temp-allocator-size-preload-manager=33554432"
    "memorysetup-temp-allocator-size-nav-mesh-worker=65536"
    "memorysetup-temp-allocator-size-audio-worker=65536"
    "memorysetup-temp-allocator-size-cloud-worker=32768"
    "memorysetup-temp-allocator-size-gi-baking-worker=262144"
    "memorysetup-temp-allocator-size-gfx=262144"
Refreshing native plugins compatible for Editor in 184.94 ms, found 3 plugins.
Preloading 0 native plugins for Editor in 0.00 ms.
Initialize engine version: 2022.1.22f1 (6b6e9fc2adda)
[Subsystems] Discovering subsystems at path C:/Program Files/Unity/Hub/Editor/2022.1.22f1/Editor/Data/Resources/UnitySubsystems
[Subsystems] Discovering subsystems at path E:/Web-Game Development/Unity Projects/City Simulation Game/Assets
GfxDevice: creating device client; threaded=0; jobified=0
Direct3D:
    Version:  Direct3D 11.0 [level 11.1]
    Renderer: NVIDIA GeForce MX150 (ID=0x1d10)
    Vendor:   NVIDIA
    VRAM:     4027 MB
    Driver:   30.0.15.1278
Initialize mono
Mono path[0] = 'C:/Program Files/Unity/Hub/Editor/2022.1.22f1/Editor/Data/Managed'
Mono path[1] = 'C:/Program Files/Unity/Hub/Editor/2022.1.22f1/Editor/Data/MonoBleedingEdge/lib/mono/unityjit-win32'
Mono config path = 'C:/Program Files/Unity/Hub/Editor/2022.1.22f1/Editor/Data/MonoBleedingEdge/etc'
Using monoOptions --debugger-agent=transport=dt_socket,embedding=1,server=y,suspend=n,address=127.0.0.1:56008
Begin MonoManager ReloadAssembly
Registering precompiled unity dll's ...
Register platform support module: C:/Program Files/Unity/Hub/Editor/2022.1.22f1/Editor/Data/PlaybackEngines/WindowsStandaloneSupport/UnityEditor.WindowsStandalone.Extensions.dll
Registered in 0.020927 seconds.
Native extension for WindowsStandalone target not found
Refreshing native plugins compatible for Editor in 205.66 ms, found 3 plugins.
Preloading 0 native plugins for Editor in 0.00 ms.
Mono: successfully reloaded assembly
- Completed reload, in  1.907 seconds
Domain Reload Profiling:
	ReloadAssembly (1908ms)
		BeginReloadAssembly (247ms)
			ExecutionOrderSort (0ms)
			DisableScriptedObjects (0ms)
			BackupInstance (0ms)
			ReleaseScriptingObjects (0ms)
			CreateAndSetChildDomain (2ms)
		EndReloadAssembly (1365ms)
			LoadAssemblies (239ms)
			RebuildTransferFunctionScriptingTraits (0ms)
			SetupTypeCache (345ms)
				TypeCache.Initialize (344ms)
					TypeCache.ScanAssembly (339ms)
				ResolveRequiredComponents (1ms)
			ReleaseScriptCaches (0ms)
			RebuildScriptCaches (79ms)
			SetupLoadedEditorAssemblies (798ms)
				LogAssemblyErrors (0ms)
				InitializePlatformSupportModulesInManaged (23ms)
				SetLoadedEditorAssemblies (17ms)
				RefreshPlugins (206ms)
				BeforeProcessingInitializeOnLoad (2ms)
				ProcessInitializeOnLoadAttributes (387ms)
				ProcessInitializeOnLoadMethodAttributes (163ms)
				AfterProcessingInitializeOnLoad (0ms)
				EditorAssembliesLoaded (0ms)
			ExecutionOrderSort2 (0ms)
			AwakeInstancesAfterBackupRestoration (0ms)
Platform modules already initialized, skipping
Registering precompiled user dll's ...
Registered in 0.011961 seconds.
Begin MonoManager ReloadAssembly
Symbol file LoadedFromMemory doesn't match image E:\Web-Game Development\Unity Projects\City Simulation Game\Library\PackageCache\com.unity.visualscripting@1.7.8\Editor\VisualScripting.Core\Dependencies\YamlDotNet\Unity.VisualScripting.YamlDotNet.dll
Symbol file LoadedFromMemory doesn't match image E:\Web-Game Development\Unity Projects\City Simulation Game\Library\PackageCache\com.unity.visualscripting@1.7.8\Editor\VisualScripting.Core\Dependencies\DotNetZip\Unity.VisualScripting.IonicZip.dll
Native extension for WindowsStandalone target not found
Refreshing native plugins compatible for Editor in 1.25 ms, found 3 plugins.
Preloading 0 native plugins for Editor in 0.00 ms.
Mono: successfully reloaded assembly
- Completed reload, in  2.801 seconds
Domain Reload Profiling:
	ReloadAssembly (2803ms)
		BeginReloadAssembly (365ms)
			ExecutionOrderSort (0ms)
			DisableScriptedObjects (13ms)
			BackupInstance (0ms)
			ReleaseScriptingObjects (0ms)
			CreateAndSetChildDomain (42ms)
		EndReloadAssembly (2142ms)
			LoadAssemblies (211ms)
			RebuildTransferFunctionScriptingTraits (0ms)
			SetupTypeCache (766ms)
				TypeCache.Initialize (757ms)
					TypeCache.ScanAssembly (748ms)
				ResolveRequiredComponents (10ms)
			ReleaseScriptCaches (1ms)
			RebuildScriptCaches (141ms)
			SetupLoadedEditorAssemblies (908ms)
				LogAssemblyErrors (0ms)
				InitializePlatformSupportModulesInManaged (15ms)
				SetLoadedEditorAssemblies (17ms)
				RefreshPlugins (1ms)
				BeforeProcessingInitializeOnLoad (214ms)
				ProcessInitializeOnLoadAttributes (554ms)
				ProcessInitializeOnLoadMethodAttributes (86ms)
				AfterProcessingInitializeOnLoad (20ms)
				EditorAssembliesLoaded (1ms)
			ExecutionOrderSort2 (0ms)
			AwakeInstancesAfterBackupRestoration (15ms)
Platform modules already initialized, skipping
========================================================================
Worker process is ready to serve import requests
Launched and connected shader compiler UnityShaderCompiler.exe after 0.11 seconds
Refreshing native plugins compatible for Editor in 3.90 ms, found 3 plugins.
Preloading 0 native plugins for Editor in 0.00 ms.
Unloading 3436 Unused Serialized files (Serialized files now loaded: 0)
Unloading 26 unused Assets / (58.7 KB). Loaded Objects now: 3897.
Memory consumption went from 0.52 GB to 0.52 GB.
Total: 12.945200 ms (FindLiveObjects: 0.582800 ms CreateObjectMapping: 0.570500 ms MarkObjects: 11.583000 ms  DeleteObjects: 0.206300 ms)

AssetImportParameters requested are different than current active one (requested -> active):
  custom:video-decoder-ogg-theora: a1e56fd34408186e4bbccfd4996cb3dc -> 
  custom:container-muxer-webm: aa71ff27fc2769a1b78a27578f13a17b -> 
  custom:container-demuxer-webm: 4f35f7cbe854078d1ac9338744f61a02 -> 
  custom:video-encoder-webm-vp8: eb34c28f22e8b96e1ab97ce403110664 -> 
  custom:audio-encoder-webm-vorbis: bf7c407c2cedff20999df2af8eb42d56 -> 
  custom:framework-win-MediaFoundation: 216162199b28c13a410421893ffa2e32 -> 
  custom:container-demuxer-ogg: 62fdf1f143b41e24485cea50d1cbac27 -> 
  custom:video-decoder-webm-vp8: 9c59270c3fd7afecdb556c50c9e8de78 -> 
  custom:audio-decoder-ogg-vorbis: bf7c407c2cedff20999df2af8eb42d56 -> 
========================================================================
Received Import Request.
  Time since last request: 282907.652034 seconds.
  path: Assets/cars_albedo.tif
  artifactKey: Guid(24e2ea82e8be311469d787a3ae7704cd) Importer(815301076,1909f56bfc062723c751e8b465ee728b)
Start importing Assets/cars_albedo.tif using Guid(24e2ea82e8be311469d787a3ae7704cd) Importer(815301076,1909f56bfc062723c751e8b465ee728b)  -> (artifact id: '0a76de1361b0886ac9212cf0370067a1') in 0.231787 seconds 
========================================================================
Received Import Request.
  Time since last request: 0.000050 seconds.
  path: Assets/JupiterTexture.jpg
  artifactKey: Guid(c94313b29f8102a4eb698965606b2075) Importer(815301076,1909f56bfc062723c751e8b465ee728b)
Start importing Assets/JupiterTexture.jpg using Guid(c94313b29f8102a4eb698965606b2075) Importer(815301076,1909f56bfc062723c751e8b465ee728b)  -> (artifact id: 'db20d23d202c542a4faeca26b65ad653') in 0.272112 seconds 
========================================================================
Received Import Request.
  Time since last request: 0.000036 seconds.
  path: Assets/car_1.FBX
  artifactKey: Guid(c9254544418c73b43ac9b9d84b076bb0) Importer(815301076,1909f56bfc062723c751e8b465ee728b)
Start importing Assets/car_1.FBX using Guid(c9254544418c73b43ac9b9d84b076bb0) Importer(815301076,1909f56bfc062723c751e8b465ee728b)  -> (artifact id: '6c833384e4a5034666fd7df36aa87833') in 1.087211 seconds 
========================================================================
Received Import Request.
  Time since last request: 0.000054 seconds.
  path: Assets/Bus_2.mat
  artifactKey: Guid(5a404eec8e2e3cf47909ec19d57a8c38) Importer(815301076,1909f56bfc062723c751e8b465ee728b)
Start importing Assets/Bus_2.mat using Guid(5a404eec8e2e3cf47909ec19d57a8c38) Importer(815301076,1909f56bfc062723c751e8b465ee728b)  -> (artifact id: '7758218cfbd243f13cf6365f2037ef70') in 0.140704 seconds 
========================================================================
Received Import Request.
  Time since last request: 0.000061 seconds.
  path: Assets/police_car.FBX
  artifactKey: Guid(acf933c3e6fdbad4185de864bb1d2c32) Importer(815301076,1909f56bfc062723c751e8b465ee728b)
Start importing Assets/police_car.FBX using Guid(acf933c3e6fdbad4185de864bb1d2c32) Importer(815301076,1909f56bfc062723c751e8b465ee728b)  -> (artifact id: 'b52ce4a4db21f43293cab750bee305dc') in 0.126440 seconds 
========================================================================
Received Import Request.
  Time since last request: 0.000037 seconds.
  path: Assets/bus_albedo.tif
  artifactKey: Guid(7e29aec32c8fc3c4a932fa808b335fab) Importer(815301076,1909f56bfc062723c751e8b465ee728b)
Start importing Assets/bus_albedo.tif using Guid(7e29aec32c8fc3c4a932fa808b335fab) Importer(815301076,1909f56bfc062723c751e8b465ee728b)  -> (artifact id: '53374552efea357169f6064d2f2383f5') in 0.028549 seconds 
========================================================================
Received Import Request.
  Time since last request: 0.000026 seconds.
  path: Assets/bus_metallic.tif
  artifactKey: Guid(d297474afcb9ac64982b2a2805269885) Importer(815301076,1909f56bfc062723c751e8b465ee728b)
Start importing Assets/bus_metallic.tif using Guid(d297474afcb9ac64982b2a2805269885) Importer(815301076,1909f56bfc062723c751e8b465ee728b)  -> (artifact id: '297c5cd8267274e50f989db070e31586') in 0.031163 seconds 
========================================================================
Received Import Request.
  Time since last request: 0.000046 seconds.
  path: Assets/EarthTexture.jpg
  artifactKey: Guid(f12a1703b714ac745af2f91c06dad22c) Importer(815301076,1909f56bfc062723c751e8b465ee728b)
Start importing Assets/EarthTexture.jpg using Guid(f12a1703b714ac745af2f91c06dad22c) Importer(815301076,1909f56bfc062723c751e8b465ee728b)  -> (artifact id: '8a22a27a6dbffbcbdcfbc22e55bc1169') in 0.025844 seconds 
========================================================================
Received Import Request.
  Time since last request: 0.000059 seconds.
  path: Assets/Sky_Anime_03_Day_a.png
  artifactKey: Guid(6d3b67b97b85d934fb672f66e4c9dbdb) Importer(815301076,1909f56bfc062723c751e8b465ee728b)
Start importing Assets/Sky_Anime_03_Day_a.png using Guid(6d3b67b97b85d934fb672f66e4c9dbdb) Importer(815301076,1909f56bfc062723c751e8b465ee728b)  -> (artifact id: '1e950b395b822c625c9d2f97694da6ec') in 0.031354 seconds 
========================================================================
Received Import Request.
  Time since last request: 0.000029 seconds.
  path: Assets/car_2.FBX
  artifactKey: Guid(c7d66e8b62666994abef1a43aa2e8c7f) Importer(815301076,1909f56bfc062723c751e8b465ee728b)
Start importing Assets/car_2.FBX using Guid(c7d66e8b62666994abef1a43aa2e8c7f) Importer(815301076,1909f56bfc062723c751e8b465ee728b)  -> (artifact id: 'ac42d18ec61e161c6f716b71921c0675') in 0.125229 seconds 
========================================================================
Received Import Request.
  Time since last request: 0.000033 seconds.
  path: Assets/carHorn_audio.wav
  artifactKey: Guid(5e7e75153ad579b4a81153662e9ded22) Importer(815301076,1909f56bfc062723c751e8b465ee728b)
Start importing Assets/carHorn_audio.wav using Guid(5e7e75153ad579b4a81153662e9ded22) Importer(815301076,1909f56bfc062723c751e8b465ee728b)  -> (artifact id: 'd85e4968497c6d2f686c63c981ef7efd') in 0.066121 seconds 
========================================================================
Received Import Request.
  Time since last request: 0.000044 seconds.
  path: Assets/building2.jpg
  artifactKey: Guid(516a03d52a34f6141ae6c57549ca0002) Importer(815301076,1909f56bfc062723c751e8b465ee728b)
Start importing Assets/building2.jpg using Guid(516a03d52a34f6141ae6c57549ca0002) Importer(815301076,1909f56bfc062723c751e8b465ee728b)  -> (artifact id: 'af18aa6cf90b0992d94fefd96bb6f79d') in 0.028475 seconds 
========================================================================
Received Import Request.
  Time since last request: 0.000054 seconds.
  path: Assets/cars_metallic.tif
  artifactKey: Guid(1c405c6b6f130f24582c1be1df6f982d) Importer(815301076,1909f56bfc062723c751e8b465ee728b)
Start importing Assets/cars_metallic.tif using Guid(1c405c6b6f130f24582c1be1df6f982d) Importer(815301076,1909f56bfc062723c751e8b465ee728b)  -> (artifact id: 'c37ff906928662585328dd86ad28a383') in 0.043271 seconds 
========================================================================
Received Import Request.
  Time since last request: 0.000040 seconds.
  path: Assets/cars_albedo_2.tif
  artifactKey: Guid(d3f31ee19e37acb448a608d8e6c4f246) Importer(815301076,1909f56bfc062723c751e8b465ee728b)
Start importing Assets/cars_albedo_2.tif using Guid(d3f31ee19e37acb448a608d8e6c4f246) Importer(815301076,1909f56bfc062723c751e8b465ee728b)  -> (artifact id: '77ca5568fca700abb99386419534531f') in 0.040678 seconds 
========================================================================
Received Import Request.
  Time since last request: 0.000150 seconds.
  path: Assets/building3.jpg
  artifactKey: Guid(92ee9e1b43b8f2745b82d61ab75354f0) Importer(815301076,1909f56bfc062723c751e8b465ee728b)
Start importing Assets/building3.jpg using Guid(92ee9e1b43b8f2745b82d61ab75354f0) Importer(815301076,1909f56bfc062723c751e8b465ee728b)  -> (artifact id: 'edc5621eba1b14d8101d75ca2bcaa8a6') in 0.131287 seconds 
========================================================================
Received Import Request.
  Time since last request: 0.000045 seconds.
  path: Assets/uranusTexture.jpg
  artifactKey: Guid(dbf8a54eb677b12409cd96a77bf5e063) Importer(815301076,1909f56bfc062723c751e8b465ee728b)
Start importing Assets/uranusTexture.jpg using Guid(dbf8a54eb677b12409cd96a77bf5e063) Importer(815301076,1909f56bfc062723c751e8b465ee728b)  -> (artifact id: '61a2a30977a20a44dfb55c49c307b041') in 0.040599 seconds 
========================================================================
Received Import Request.
  Time since last request: 0.000046 seconds.
  path: Assets/NeptuneTexture.jpg
  artifactKey: Guid(ff31b1013dc624944b4eb5caf88715c3) Importer(815301076,1909f56bfc062723c751e8b465ee728b)
Start importing Assets/NeptuneTexture.jpg using Guid(ff31b1013dc624944b4eb5caf88715c3) Importer(815301076,1909f56bfc062723c751e8b465ee728b)  -> (artifact id: '0488003dacf2df328e91be0c2f0b7bda') in 0.028330 seconds 
========================================================================
Received Import Request.
  Time since last request: 0.000037 seconds.
  path: Assets/SaturnTexture.jpg
  artifactKey: Guid(1a9a81f8d7176d04fb4416e524e83e55) Importer(815301076,1909f56bfc062723c751e8b465ee728b)
Start importing Assets/SaturnTexture.jpg using Guid(1a9a81f8d7176d04fb4416e524e83e55) Importer(815301076,1909f56bfc062723c751e8b465ee728b)  -> (artifact id: '810fb1a165186c0dc0ef4967794de0bd') in 0.028053 seconds 
========================================================================
Received Import Request.
  Time since last request: 0.000043 seconds.
  path: Assets/building1.jpg
  artifactKey: Guid(47a88ca09c974d84682e5ff2cdee3470) Importer(815301076,1909f56bfc062723c751e8b465ee728b)
Start importing Assets/building1.jpg using Guid(47a88ca09c974d84682e5ff2cdee3470) Importer(815301076,1909f56bfc062723c751e8b465ee728b)  -> (artifact id: 'b13aa5d88b13d1202b8bff93714cd022') in 0.032007 seconds 
========================================================================
Received Import Request.
  Time since last request: 0.000099 seconds.
  path: Assets/sun.jpg
  artifactKey: Guid(22a5001d7e20b4a44867051cd79368c5) Importer(815301076,1909f56bfc062723c751e8b465ee728b)
Start importing Assets/sun.jpg using Guid(22a5001d7e20b4a44867051cd79368c5) Importer(815301076,1909f56bfc062723c751e8b465ee728b)  -> (artifact id: '44c8c4d48aa476344bceaacd7b98d125') in 0.034470 seconds 
========================================================================
Received Import Request.
  Time since last request: 0.000059 seconds.
  path: Assets/bus_albedo_2.tif
  artifactKey: Guid(a1431ba387112a9418961706527d6a6c) Importer(815301076,1909f56bfc062723c751e8b465ee728b)
Start importing Assets/bus_albedo_2.tif using Guid(a1431ba387112a9418961706527d6a6c) Importer(815301076,1909f56bfc062723c751e8b465ee728b)  -> (artifact id: 'dd102c981c575f851fe00cb077cedb4a') in 0.032981 seconds 
========================================================================
Received Import Request.
  Time since last request: 0.000063 seconds.
  path: Assets/MercuryTexture.png
  artifactKey: Guid(2ef93b96120b2ac42a8f0e6ed37f12b5) Importer(815301076,1909f56bfc062723c751e8b465ee728b)
Start importing Assets/MercuryTexture.png using Guid(2ef93b96120b2ac42a8f0e6ed37f12b5) Importer(815301076,1909f56bfc062723c751e8b465ee728b)  -> (artifact id: '3012e58b54699dcac23e6df14eb9e66b') in 0.027852 seconds 
========================================================================
Received Import Request.
  Time since last request: 0.000053 seconds.
  path: Assets/venusTexture.jpg
  artifactKey: Guid(c45d8d902e229584f9606db433fbe8ca) Importer(815301076,1909f56bfc062723c751e8b465ee728b)
Start importing Assets/venusTexture.jpg using Guid(c45d8d902e229584f9606db433fbe8ca) Importer(815301076,1909f56bfc062723c751e8b465ee728b)  -> (artifact id: 'b404a99c1b13754cb861c9a17c1ecc11') in 0.045604 seconds 
========================================================================
Received Import Request.
  Time since last request: 0.000050 seconds.
  path: Assets/Cars_1.mat
  artifactKey: Guid(b372dac933114eb42a00cba0c8129cba) Importer(815301076,1909f56bfc062723c751e8b465ee728b)
Start importing Assets/Cars_1.mat using Guid(b372dac933114eb42a00cba0c8129cba) Importer(815301076,1909f56bfc062723c751e8b465ee728b)  -> (artifact id: 'b2707ed9761205aa6a1a1193ffabdbf6') in 0.038218 seconds 
========================================================================
Received Import Request.
  Time since last request: 0.000029 seconds.
  path: Assets/Cars_2.mat
  artifactKey: Guid(21ad120f682383e4fb890f6c5f39469e) Importer(815301076,1909f56bfc062723c751e8b465ee728b)
Start importing Assets/Cars_2.mat using Guid(21ad120f682383e4fb890f6c5f39469e) Importer(815301076,1909f56bfc062723c751e8b465ee728b)  -> (artifact id: 'd9c4643bda5b59ed78ab7c3b87f07118') in 0.029766 seconds 
========================================================================
Received Import Request.
  Time since last request: 0.000055 seconds.
  path: Assets/cars_AO.tif
  artifactKey: Guid(28b0dd930d674a9498d8e5c4796392e4) Importer(815301076,1909f56bfc062723c751e8b465ee728b)
Start importing Assets/cars_AO.tif using Guid(28b0dd930d674a9498d8e5c4796392e4) Importer(815301076,1909f56bfc062723c751e8b465ee728b)  -> (artifact id: '412cbaae3dc6a7438b5217d5be5e890c') in 0.029728 seconds 
========================================================================
Received Import Request.
  Time since last request: 0.000029 seconds.
  path: Assets/MarsTexture.jpg
  artifactKey: Guid(7845d1e5d2d4d944da65a0e8b33615c3) Importer(815301076,1909f56bfc062723c751e8b465ee728b)
Start importing Assets/MarsTexture.jpg using Guid(7845d1e5d2d4d944da65a0e8b33615c3) Importer(815301076,1909f56bfc062723c751e8b465ee728b)  -> (artifact id: '254044135c4980d15ca323644270292d') in 0.023813 seconds 
========================================================================
Received Import Request.
  Time since last request: 0.000065 seconds.
  path: Assets/Bus_1.mat
  artifactKey: Guid(6e8f1c2e66bc80245b154f88fed9415c) Importer(815301076,1909f56bfc062723c751e8b465ee728b)
Start importing Assets/Bus_1.mat using Guid(6e8f1c2e66bc80245b154f88fed9415c) Importer(815301076,1909f56bfc062723c751e8b465ee728b)  -> (artifact id: '2907c59887a5cb8f25797a8447a5e965') in 0.026305 seconds 
========================================================================
Received Import Request.
  Time since last request: 0.000038 seconds.
  path: Assets/bus 1.FBX
  artifactKey: Guid(f77c1dd1bc0016044b2bf38874d94049) Importer(815301076,1909f56bfc062723c751e8b465ee728b)
Start importing Assets/bus 1.FBX using Guid(f77c1dd1bc0016044b2bf38874d94049) Importer(815301076,1909f56bfc062723c751e8b465ee728b)  -> (artifact id: '1145582a4e615014e5c84321101b8a2d') in 0.181093 seconds 
========================================================================
Received Import Request.
  Time since last request: 0.000046 seconds.
  path: Assets/bus_AO.tif
  artifactKey: Guid(753219db36d7e8f46b90b6e0f08f0d48) Importer(815301076,1909f56bfc062723c751e8b465ee728b)
Start importing Assets/bus_AO.tif using Guid(753219db36d7e8f46b90b6e0f08f0d48) Importer(815301076,1909f56bfc062723c751e8b465ee728b)  -> (artifact id: '42044452091651536c2ab9abe9a32353') in 0.028715 seconds 
========================================================================
Received Import Request.
  Time since last request: 0.000055 seconds.
  path: Assets/bus.FBX
  artifactKey: Guid(89f10fff5f929834280358781b302bde) Importer(815301076,1909f56bfc062723c751e8b465ee728b)
Start importing Assets/bus.FBX using Guid(89f10fff5f929834280358781b302bde) Importer(815301076,1909f56bfc062723c751e8b465ee728b)  -> (artifact id: '0f480680eb6e01a1f30d763e1889f9ee') in 0.127886 seconds 
========================================================================
Received Import Request.
  Time since last request: 0.000062 seconds.
  path: Assets/CarSound_2.wav
  artifactKey: Guid(17cc71e0ab4d715469a149aed9f6cf72) Importer(815301076,1909f56bfc062723c751e8b465ee728b)
Start importing Assets/CarSound_2.wav using Guid(17cc71e0ab4d715469a149aed9f6cf72) Importer(815301076,1909f56bfc062723c751e8b465ee728b)  -> (artifact id: '8c89f2673b7eb0c09605e8c904369dbc') in 0.031652 seconds 
========================================================================
Received Import Request.
  Time since last request: 0.000040 seconds.
  path: Assets/plutoTexture.jpg
  artifactKey: Guid(b73b85f537cf1d641918c3bd968f48c5) Importer(815301076,1909f56bfc062723c751e8b465ee728b)
Start importing Assets/plutoTexture.jpg using Guid(b73b85f537cf1d641918c3bd968f48c5) Importer(815301076,1909f56bfc062723c751e8b465ee728b)  -> (artifact id: 'c82f332fdf491c259fe61a0475c5e1b8') in 0.026269 seconds 
========================================================================
Received Import Request.
  Time since last request: 0.000037 seconds.
  path: Assets/building4.jpg
  artifactKey: Guid(85b0b858c6ccddf47a137cde34c50850) Importer(815301076,1909f56bfc062723c751e8b465ee728b)
Start importing Assets/building4.jpg using Guid(85b0b858c6ccddf47a137cde34c50850) Importer(815301076,1909f56bfc062723c751e8b465ee728b)  -> (artifact id: '52f5023f007d7e3f53e0b02bbf5b5628') in 0.026589 seconds 
========================================================================
Received Prepare
Registering precompiled user dll's ...
Registered in 0.009683 seconds.
Begin MonoManager ReloadAssembly
Symbol file LoadedFromMemory doesn't match image E:\Web-Game Development\Unity Projects\City Simulation Game\Library\PackageCache\com.unity.visualscripting@1.7.8\Editor\VisualScripting.Core\Dependencies\YamlDotNet\Unity.VisualScripting.YamlDotNet.dll
Symbol file LoadedFromMemory doesn't match image E:\Web-Game Development\Unity Projects\City Simulation Game\Library\PackageCache\com.unity.visualscripting@1.7.8\Editor\VisualScripting.Core\Dependencies\DotNetZip\Unity.VisualScripting.IonicZip.dll
Native extension for WindowsStandalone target not found
Refreshing native plugins compatible for Editor in 0.77 ms, found 3 plugins.
Preloading 0 native plugins for Editor in 0.00 ms.
Mono: successfully reloaded assembly
- Completed reload, in  1.882 seconds
Domain Reload Profiling:
	ReloadAssembly (1883ms)
		BeginReloadAssembly (225ms)
			ExecutionOrderSort (0ms)
			DisableScriptedObjects (7ms)
			BackupInstance (0ms)
			ReleaseScriptingObjects (0ms)
			CreateAndSetChildDomain (63ms)
		EndReloadAssembly (1464ms)
			LoadAssemblies (153ms)
			RebuildTransferFunctionScriptingTraits (0ms)
			SetupTypeCache (515ms)
				TypeCache.Initialize (490ms)
					TypeCache.ScanAssembly (482ms)
				ResolveRequiredComponents (25ms)
			ReleaseScriptCaches (1ms)
			RebuildScriptCaches (105ms)
			SetupLoadedEditorAssemblies (559ms)
				LogAssemblyErrors (0ms)
				InitializePlatformSupportModulesInManaged (24ms)
				SetLoadedEditorAssemblies (11ms)
				RefreshPlugins (1ms)
				BeforeProcessingInitializeOnLoad (108ms)
				ProcessInitializeOnLoadAttributes (350ms)
				ProcessInitializeOnLoadMethodAttributes (52ms)
				AfterProcessingInitializeOnLoad (13ms)
				EditorAssembliesLoaded (0ms)
			ExecutionOrderSort2 (0ms)
			AwakeInstancesAfterBackupRestoration (11ms)
Platform modules already initialized, skipping
Refreshing native plugins compatible for Editor in 2.03 ms, found 3 plugins.
Preloading 0 native plugins for Editor in 0.00 ms.
Unloading 3414 Unused Serialized files (Serialized files now loaded: 0)
Unloading 18 unused Assets / (24.7 KB). Loaded Objects now: 3949.
Memory consumption went from 0.52 GB to 0.52 GB.
Total: 3.535200 ms (FindLiveObjects: 0.314400 ms CreateObjectMapping: 0.206400 ms MarkObjects: 2.987800 ms  DeleteObjects: 0.025600 ms)

AssetImportParameters requested are different than current active one (requested -> active):
  custom:video-decoder-ogg-theora: a1e56fd34408186e4bbccfd4996cb3dc -> 
  custom:container-muxer-webm: aa71ff27fc2769a1b78a27578f13a17b -> 
  custom:container-demuxer-webm: 4f35f7cbe854078d1ac9338744f61a02 -> 
  custom:video-encoder-webm-vp8: eb34c28f22e8b96e1ab97ce403110664 -> 
  custom:audio-encoder-webm-vorbis: bf7c407c2cedff20999df2af8eb42d56 -> 
  custom:framework-win-MediaFoundation: 216162199b28c13a410421893ffa2e32 -> 
  custom:container-demuxer-ogg: 62fdf1f143b41e24485cea50d1cbac27 -> 
  custom:video-decoder-webm-vp8: 9c59270c3fd7afecdb556c50c9e8de78 -> 
  custom:audio-decoder-ogg-vorbis: bf7c407c2cedff20999df2af8eb42d56 -> 
========================================================================
Received Prepare
Registering precompiled user dll's ...
Registered in 0.006653 seconds.
Begin MonoManager ReloadAssembly
Symbol file LoadedFromMemory doesn't match image E:\Web-Game Development\Unity Projects\City Simulation Game\Library\PackageCache\com.unity.visualscripting@1.7.8\Editor\VisualScripting.Core\Dependencies\YamlDotNet\Unity.VisualScripting.YamlDotNet.dll
Symbol file LoadedFromMemory doesn't match image E:\Web-Game Development\Unity Projects\City Simulation Game\Library\PackageCache\com.unity.visualscripting@1.7.8\Editor\VisualScripting.Core\Dependencies\DotNetZip\Unity.VisualScripting.IonicZip.dll
Native extension for WindowsStandalone target not found
Refreshing native plugins compatible for Editor in 2.25 ms, found 3 plugins.
Preloading 0 native plugins for Editor in 0.00 ms.
Mono: successfully reloaded assembly
- Completed reload, in  2.573 seconds
Domain Reload Profiling:
	ReloadAssembly (2576ms)
		BeginReloadAssembly (272ms)
			ExecutionOrderSort (0ms)
			DisableScriptedObjects (23ms)
			BackupInstance (0ms)
			ReleaseScriptingObjects (0ms)
			CreateAndSetChildDomain (75ms)
		EndReloadAssembly (2121ms)
			LoadAssemblies (166ms)
			RebuildTransferFunctionScriptingTraits (0ms)
			SetupTypeCache (623ms)
				TypeCache.Initialize (612ms)
					TypeCache.ScanAssembly (603ms)
				ResolveRequiredComponents (11ms)
			ReleaseScriptCaches (2ms)
			RebuildScriptCaches (105ms)
			SetupLoadedEditorAssemblies (1019ms)
				LogAssemblyErrors (0ms)
				InitializePlatformSupportModulesInManaged (40ms)
				SetLoadedEditorAssemblies (21ms)
				RefreshPlugins (2ms)
				BeforeProcessingInitializeOnLoad (200ms)
				ProcessInitializeOnLoadAttributes (621ms)
				ProcessInitializeOnLoadMethodAttributes (111ms)
				AfterProcessingInitializeOnLoad (23ms)
				EditorAssembliesLoaded (0ms)
			ExecutionOrderSort2 (0ms)
			AwakeInstancesAfterBackupRestoration (17ms)
Platform modules already initialized, skipping
Refreshing native plugins compatible for Editor in 3.54 ms, found 3 plugins.
Preloading 0 native plugins for Editor in 0.00 ms.
Unloading 3414 Unused Serialized files (Serialized files now loaded: 0)
Unloading 18 unused Assets / (24.6 KB). Loaded Objects now: 3952.
Memory consumption went from 0.52 GB to 0.52 GB.
Total: 8.278600 ms (FindLiveObjects: 0.497400 ms CreateObjectMapping: 0.448900 ms MarkObjects: 7.297800 ms  DeleteObjects: 0.032900 ms)

AssetImportParameters requested are different than current active one (requested -> active):
  custom:video-decoder-ogg-theora: a1e56fd34408186e4bbccfd4996cb3dc -> 
  custom:container-muxer-webm: aa71ff27fc2769a1b78a27578f13a17b -> 
  custom:container-demuxer-webm: 4f35f7cbe854078d1ac9338744f61a02 -> 
  custom:video-encoder-webm-vp8: eb34c28f22e8b96e1ab97ce403110664 -> 
  custom:audio-encoder-webm-vorbis: bf7c407c2cedff20999df2af8eb42d56 -> 
  custom:framework-win-MediaFoundation: 216162199b28c13a410421893ffa2e32 -> 
  custom:container-demuxer-ogg: 62fdf1f143b41e24485cea50d1cbac27 -> 
  custom:video-decoder-webm-vp8: 9c59270c3fd7afecdb556c50c9e8de78 -> 
  custom:audio-decoder-ogg-vorbis: bf7c407c2cedff20999df2af8eb42d56 -> 
